Arguments: 
  C:\Program Files\nodejs\node.exe C:\Users\gabri\AppData\Roaming\npm\node_modules\yarn\bin\yarn.js init

PATH: 
  C:\Program Files\BraveSoftware\Brave-Browser\Application;C:\Program Files (x86)\Common Files\Oracle\Java\javapath;C:\WINDOWS\system32;C:\WINDOWS;C:\WINDOWS\System32\Wbem;C:\WINDOWS\System32\WindowsPowerShell\v1.0\;C:\WINDOWS\System32\OpenSSH\;C:\HaxeToolkit\haxe;C:\HaxeToolkit\neko;C:\Program Files\nodejs\;C:\Program Files\Git\cmd;C:\HaxeToolkit\neko;C:\Program Files\dotnet\;C:\Users\gabri\AppData\Local\Microsoft\WindowsApps;C:\Users\gabri\AppData\Roaming\npm;C:\Program Files\JetBrains\IntelliJ IDEA Community Edition 2020.3.1\bin;;C:\Users\gabri\go\bin;C:\Users\gabri\Desktop\hacking tools\Nmap;C:\Users\gabri\AppData\Local\Programs\Microsoft VS Code\bin;C:\Users\gabri\.dotnet\tools;C:\Program Files\dotnet;

Yarn version: 
  1.22.10

Node version: 
  14.15.4

Platform: 
  win32 x64

Trace: 
  Error: canceled
      at Interface.<anonymous> (C:\Users\gabri\AppData\Roaming\npm\node_modules\yarn\lib\cli.js:136216:13)
      at Interface.emit (events.js:315:20)
      at Interface._ttyWrite (readline.js:875:16)
      at ReadStream.onkeypress (readline.js:213:10)
      at ReadStream.emit (events.js:315:20)
      at emitKeys (internal/readline/utils.js:345:14)
      at emitKeys.next (<anonymous>)
      at ReadStream.onData (readline.js:1144:36)
      at ReadStream.emit (events.js:315:20)
      at addChunk (internal/streams/readable.js:309:12)

npm manifest: 
  {
    "name": "com.google.playservices",
    "version": "49.0.0",
    "cordova": {
      "id": "com.google.playservices",
      "platforms": [
        "android"
      ]
    },
    "repository": {
      "type": "git",
      "url": "https://github.com/fgsoftware1/cordova-plugin-goole-play-services-ads.git"
    },
    "keywords": [
      "ecosystem:cordova",
      "cordova-android"
    ],
    "engines": [
      {
        "name": "cordova",
        "version": ">=3.0.0"
      }
    ],
    "author": "Gabriel Aguiar",
    "license": "MIT",
    "bugs": {
      "url": "https://github.com/fgsoftware1/cordova-plugin-goole-play-services-ads/issues"
    },
    "homepage": "https://github.com/fgsoftware1/cordova-plugin-goole-play-services-ads#readme",
    "description": "",
    "dependencies": {
      "bower": "^1.8.12",
      "yarn": "^1.22.10"
    }
  }

yarn manifest: 
  No manifest

Lockfile: 
  No lockfile
